2017-09-12 15:31:04.521  INFO 69928 --- [main] com.jerry.work.ScriptApplicationTests    : Starting ScriptApplicationTests on DESKTOP-DD2G69R with PID 69928 (started by XX in G:\work\java\AIQandA\Script)
2017-09-12 15:31:04.522  INFO 69928 --- [main] com.jerry.work.ScriptApplicationTests    : The following profiles are active: dev
2017-09-12 15:31:04.561  INFO 69928 --- [main] o.s.w.c.s.GenericWebApplicationContext   : Refreshing org.springframework.web.context.support.GenericWebApplicationContext@6497b078: startup date [Tue Sep 12 15:31:04 CST 2017]; root of context hierarchy
2017-09-12 15:31:06.576  INFO 69928 --- [main] s.w.s.m.m.a.RequestMappingHandlerAdapter : Looking for @ControllerAdvice: org.springframework.web.context.support.GenericWebApplicationContext@6497b078: startup date [Tue Sep 12 15:31:04 CST 2017]; root of context hierarchy
2017-09-12 15:31:06.643  INFO 69928 --- [main] s.w.s.m.m.a.RequestMappingHandlerMapping : Mapped "{[/error]}" onto public org.springframework.http.ResponseEntity<java.util.Map<java.lang.String, java.lang.Object>> org.springframework.boot.autoconfigure.web.BasicErrorController.error(javax.servlet.http.HttpServletRequest)
2017-09-12 15:31:06.644  INFO 69928 --- [main] s.w.s.m.m.a.RequestMappingHandlerMapping : Mapped "{[/error],produces=[text/html]}" onto public org.springframework.web.servlet.ModelAndView org.springframework.boot.autoconfigure.web.BasicErrorController.errorHtml(javax.servlet.http.HttpServletRequest,javax.servlet.http.HttpServletResponse)
2017-09-12 15:31:06.671  INFO 69928 --- [main] o.s.w.s.handler.SimpleUrlHandlerMapping  : Mapped URL path [/webjars/**] onto handler of type [class org.springframework.web.servlet.resource.ResourceHttpRequestHandler]
2017-09-12 15:31:06.671  INFO 69928 --- [main] o.s.w.s.handler.SimpleUrlHandlerMapping  : Mapped URL path [/**] onto handler of type [class org.springframework.web.servlet.resource.ResourceHttpRequestHandler]
2017-09-12 15:31:06.710  INFO 69928 --- [main] o.s.w.s.handler.SimpleUrlHandlerMapping  : Mapped URL path [/**/favicon.ico] onto handler of type [class org.springframework.web.servlet.resource.ResourceHttpRequestHandler]
2017-09-12 15:31:07.372  INFO 69928 --- [main] com.jerry.work.ScriptApplicationTests    : Started ScriptApplicationTests in 3.22 seconds (JVM running for 3.912)
2017-09-12 15:31:10.258  INFO 69928 --- [main] o.s.b.f.xml.XmlBeanDefinitionReader      : Loading XML bean definitions from class path resource [org/springframework/jdbc/support/sql-error-codes.xml]
2017-09-12 15:31:10.296  INFO 69928 --- [main] o.s.jdbc.support.SQLErrorCodesFactory    : SQLErrorCodes loaded: [DB2, Derby, H2, HSQL, Informix, MS-SQL, MySQL, Oracle, PostgreSQL, Sybase, Hana]
2017-09-12 15:31:10.329  INFO 69928 --- [Thread-2] o.s.w.c.s.GenericWebApplicationContext   : Closing org.springframework.web.context.support.GenericWebApplicationContext@6497b078: startup date [Tue Sep 12 15:31:04 CST 2017]; root of context hierarchy
2017-09-12 15:32:00.321  INFO 72588 --- [main] com.jerry.work.ScriptApplicationTests    : Starting ScriptApplicationTests on DESKTOP-DD2G69R with PID 72588 (started by XX in G:\work\java\AIQandA\Script)
2017-09-12 15:32:00.321  INFO 72588 --- [main] com.jerry.work.ScriptApplicationTests    : The following profiles are active: dev
2017-09-12 15:32:00.365  INFO 72588 --- [main] o.s.w.c.s.GenericWebApplicationContext   : Refreshing org.springframework.web.context.support.GenericWebApplicationContext@6497b078: startup date [Tue Sep 12 15:32:00 CST 2017]; root of context hierarchy
2017-09-12 15:32:02.055  INFO 72588 --- [main] s.w.s.m.m.a.RequestMappingHandlerAdapter : Looking for @ControllerAdvice: org.springframework.web.context.support.GenericWebApplicationContext@6497b078: startup date [Tue Sep 12 15:32:00 CST 2017]; root of context hierarchy
2017-09-12 15:32:02.128  INFO 72588 --- [main] s.w.s.m.m.a.RequestMappingHandlerMapping : Mapped "{[/error]}" onto public org.springframework.http.ResponseEntity<java.util.Map<java.lang.String, java.lang.Object>> org.springframework.boot.autoconfigure.web.BasicErrorController.error(javax.servlet.http.HttpServletRequest)
2017-09-12 15:32:02.129  INFO 72588 --- [main] s.w.s.m.m.a.RequestMappingHandlerMapping : Mapped "{[/error],produces=[text/html]}" onto public org.springframework.web.servlet.ModelAndView org.springframework.boot.autoconfigure.web.BasicErrorController.errorHtml(javax.servlet.http.HttpServletRequest,javax.servlet.http.HttpServletResponse)
2017-09-12 15:32:02.159  INFO 72588 --- [main] o.s.w.s.handler.SimpleUrlHandlerMapping  : Mapped URL path [/webjars/**] onto handler of type [class org.springframework.web.servlet.resource.ResourceHttpRequestHandler]
2017-09-12 15:32:02.159  INFO 72588 --- [main] o.s.w.s.handler.SimpleUrlHandlerMapping  : Mapped URL path [/**] onto handler of type [class org.springframework.web.servlet.resource.ResourceHttpRequestHandler]
2017-09-12 15:32:02.199  INFO 72588 --- [main] o.s.w.s.handler.SimpleUrlHandlerMapping  : Mapped URL path [/**/favicon.ico] onto handler of type [class org.springframework.web.servlet.resource.ResourceHttpRequestHandler]
2017-09-12 15:32:02.774  INFO 72588 --- [main] com.jerry.work.ScriptApplicationTests    : Started ScriptApplicationTests in 2.971 seconds (JVM running for 3.752)
2017-09-12 15:32:04.147  INFO 72588 --- [Thread-2] o.s.w.c.s.GenericWebApplicationContext   : Closing org.springframework.web.context.support.GenericWebApplicationContext@6497b078: startup date [Tue Sep 12 15:32:00 CST 2017]; root of context hierarchy
